# JRE version: Java(TM) SE Runtime Environment (8.0_45-b14) (build 1.8.0_45-b14)
# Java VM: Java HotSpot(TM) 64-Bit Server VM (25.45-b02 mixed mode linux-amd64 compressed oops)
Heap:
 PSYoungGen      total 73216K, used 31433K [0x00000000ebc00000, 0x00000000f4480000, 0x0000000100000000)
  eden space 54272K, 23% used [0x00000000ebc00000,0x00000000ec835640,0x00000000ef100000)
  from space 18944K, 99% used [0x00000000f0c00000,0x00000000f1e7d010,0x00000000f1e80000)
  to   space 27648K, 0% used [0x00000000ef100000,0x00000000ef100000,0x00000000f0c00000)
 ParOldGen       total 62464K, used 43919K [0x00000000c3400000, 0x00000000c7100000, 0x00000000ebc00000)
  object space 62464K, 70% used [0x00000000c3400000,0x00000000c5ee3ec8,0x00000000c7100000)
 Metaspace       used 7884K, capacity 8672K, committed 8960K, reserved 1056768K
  class space    used 602K, capacity 656K, committed 768K, reserved 1048576K
GC Heap History (10 events):
Event: 1.448 GC heap before
{Heap before GC invocations=5 (full 0):
 PSYoungGen      total 34304K, used 34299K [0x00000000ebc00000, 0x00000000ee000000, 0x0000000100000000)
  eden space 31744K, 100% used [0x00000000ebc00000,0x00000000edb00000,0x00000000edb00000)
  from space 2560K, 99% used [0x00000000edd80000,0x00000000edffec00,0x00000000ee000000)
  to   space 2560K, 0% used [0x00000000edb00000,0x00000000edb00000,0x00000000edd80000)
 ParOldGen       total 42496K, used 19519K [0x00000000c3400000, 0x00000000c5d80000, 0x00000000ebc00000)
  object space 42496K, 45% used [0x00000000c3400000,0x00000000c470fc30,0x00000000c5d80000)
 Metaspace       used 7672K, capacity 8448K, committed 8576K, reserved 1056768K
  class space    used 592K, capacity 624K, committed 640K, reserved 1048576K
Event: 1.499 GC heap after
Heap after GC invocations=5 (full 0):
 PSYoungGen      total 34304K, used 2540K [0x00000000ebc00000, 0x00000000f1600000, 0x0000000100000000)
  eden space 31744K, 0% used [0x00000000ebc00000,0x00000000ebc00000,0x00000000edb00000)
  from space 2560K, 99% used [0x00000000edb00000,0x00000000edd7b2a8,0x00000000edd80000)
  to   space 14336K, 0% used [0x00000000f0800000,0x00000000f0800000,0x00000000f1600000)
 ParOldGen       total 42496K, used 30744K [0x00000000c3400000, 0x00000000c5d80000, 0x00000000ebc00000)
  object space 42496K, 72% used [0x00000000c3400000,0x00000000c5206208,0x00000000c5d80000)
 Metaspace       used 7672K, capacity 8448K, committed 8576K, reserved 1056768K
  class space    used 592K, capacity 624K, committed 640K, reserved 1048576K
}
Event: 1.500 GC heap before
{Heap before GC invocations=6 (full 1):
 PSYoungGen      total 34304K, used 2540K [0x00000000ebc00000, 0x00000000f1600000, 0x0000000100000000)
  eden space 31744K, 0% used [0x00000000ebc00000,0x00000000ebc00000,0x00000000edb00000)
  from space 2560K, 99% used [0x00000000edb00000,0x00000000edd7b2a8,0x00000000edd80000)
  to   space 14336K, 0% used [0x00000000f0800000,0x00000000f0800000,0x00000000f1600000)
 ParOldGen       total 42496K, used 30744K [0x00000000c3400000, 0x00000000c5d80000, 0x00000000ebc00000)
  object space 42496K, 72% used [0x00000000c3400000,0x00000000c5206208,0x00000000c5d80000)
 Metaspace       used 7672K, capacity 8448K, committed 8576K, reserved 1056768K
  class space    used 592K, capacity 624K, committed 640K, reserved 1048576K
Event: 1.940 GC heap after
Heap after GC invocations=6 (full 1):
 PSYoungGen      total 34304K, used 0K [0x00000000ebc00000, 0x00000000f1600000, 0x0000000100000000)
  eden space 31744K, 0% used [0x00000000ebc00000,0x00000000ebc00000,0x00000000edb00000)
  from space 2560K, 0% used [0x00000000edb00000,0x00000000edb00000,0x00000000edd80000)
  to   space 14336K, 0% used [0x00000000f0800000,0x00000000f0800000,0x00000000f1600000)
 ParOldGen       total 62464K, used 25223K [0x00000000c3400000, 0x00000000c7100000, 0x00000000ebc00000)
  object space 62464K, 40% used [0x00000000c3400000,0x00000000c4ca1d40,0x00000000c7100000)
 Metaspace       used 7672K, capacity 8448K, committed 8576K, reserved 1056768K
  class space    used 592K, capacity 624K, committed 640K, reserved 1048576K
}
Event: 2.070 GC heap before
{Heap before GC invocations=7 (full 1):
 PSYoungGen      total 34304K, used 31744K [0x00000000ebc00000, 0x00000000f1600000, 0x0000000100000000)
  eden space 31744K, 100% used [0x00000000ebc00000,0x00000000edb00000,0x00000000edb00000)
  from space 2560K, 0% used [0x00000000edb00000,0x00000000edb00000,0x00000000edd80000)
  to   space 14336K, 0% used [0x00000000f0800000,0x00000000f0800000,0x00000000f1600000)
 ParOldGen       total 62464K, used 25223K [0x00000000c3400000, 0x00000000c7100000, 0x00000000ebc00000)
  object space 62464K, 40% used [0x00000000c3400000,0x00000000c4ca1d40,0x00000000c7100000)
 Metaspace       used 7685K, capacity 8448K, committed 8576K, reserved 1056768K
  class space    used 592K, capacity 624K, committed 640K, reserved 1048576K
Event: 2.097 GC heap after
Heap after GC invocations=7 (full 1):
 PSYoungGen      total 54272K, used 9655K [0x00000000ebc00000, 0x00000000f1180000, 0x0000000100000000)
  eden space 44544K, 0% used [0x00000000ebc00000,0x00000000ebc00000,0x00000000ee780000)
  from space 9728K, 99% used [0x00000000f0800000,0x00000000f116dd10,0x00000000f1180000)
  to   space 14336K, 0% used [0x00000000ef580000,0x00000000ef580000,0x00000000f0380000)
 ParOldGen       total 62464K, used 25223K [0x00000000c3400000, 0x00000000c7100000, 0x00000000ebc00000)
  object space 62464K, 40% used [0x00000000c3400000,0x00000000c4ca1d40,0x00000000c7100000)
 Metaspace       used 7685K, capacity 8448K, committed 8576K, reserved 1056768K
  class space    used 592K, capacity 624K, committed 640K, reserved 1048576K
}
Event: 2.249 GC heap before
{Heap before GC invocations=8 (full 1):
 PSYoungGen      total 54272K, used 54199K [0x00000000ebc00000, 0x00000000f1180000, 0x0000000100000000)
  eden space 44544K, 100% used [0x00000000ebc00000,0x00000000ee780000,0x00000000ee780000)
  from space 9728K, 99% used [0x00000000f0800000,0x00000000f116dd10,0x00000000f1180000)
  to   space 14336K, 0% used [0x00000000ef580000,0x00000000ef580000,0x00000000f0380000)
 ParOldGen       total 62464K, used 25223K [0x00000000c3400000, 0x00000000c7100000, 0x00000000ebc00000)
  object space 62464K, 40% used [0x00000000c3400000,0x00000000c4ca1d40,0x00000000c7100000)
 Metaspace       used 7692K, capacity 8448K, committed 8576K, reserved 1056768K
  class space    used 592K, capacity 624K, committed 640K, reserved 1048576K
Event: 2.284 GC heap after
Heap after GC invocations=8 (full 1):
 PSYoungGen      total 73216K, used 14305K [0x00000000ebc00000, 0x00000000f1e80000, 0x0000000100000000)
  eden space 58880K, 0% used [0x00000000ebc00000,0x00000000ebc00000,0x00000000ef580000)
  from space 14336K, 99% used [0x00000000ef580000,0x00000000f0378430,0x00000000f0380000)
  to   space 18944K, 0% used [0x00000000f0c00000,0x00000000f0c00000,0x00000000f1e80000)
 ParOldGen       total 62464K, used 30901K [0x00000000c3400000, 0x00000000c7100000, 0x00000000ebc00000)
  object space 62464K, 49% used [0x00000000c3400000,0x00000000c522d6b8,0x00000000c7100000)
 Metaspace       used 7692K, capacity 8448K, committed 8576K, reserved 1056768K
  class space    used 592K, capacity 624K, committed 640K, reserved 1048576K
}
Event: 2.486 GC heap before
{Heap before GC invocations=9 (full 1):
 PSYoungGen      total 73216K, used 73185K [0x00000000ebc00000, 0x00000000f1e80000, 0x0000000100000000)
  eden space 58880K, 100% used [0x00000000ebc00000,0x00000000ef580000,0x00000000ef580000)
  from space 14336K, 99% used [0x00000000ef580000,0x00000000f0378430,0x00000000f0380000)
  to   space 18944K, 0% used [0x00000000f0c00000,0x00000000f0c00000,0x00000000f1e80000)
 ParOldGen       total 62464K, used 30901K [0x00000000c3400000, 0x00000000c7100000, 0x00000000ebc00000)
  object space 62464K, 49% used [0x00000000c3400000,0x00000000c522d6b8,0x00000000c7100000)
 Metaspace       used 7703K, capacity 8448K, committed 8576K, reserved 1056768K
  class space    used 592K, capacity 624K, committed 640K, reserved 1048576K
Event: 2.540 GC heap after
Heap after GC invocations=9 (full 1):
 PSYoungGen      total 73216K, used 18932K [0x00000000ebc00000, 0x00000000f4480000, 0x0000000100000000)
  eden space 54272K, 0% used [0x00000000ebc00000,0x00000000ebc00000,0x00000000ef100000)
  from space 18944K, 99% used [0x00000000f0c00000,0x00000000f1e7d010,0x00000000f1e80000)
  to   space 27648K, 0% used [0x00000000ef100000,0x00000000ef100000,0x00000000f0c00000)
 ParOldGen       total 62464K, used 43919K [0x00000000c3400000, 0x00000000c7100000, 0x00000000ebc00000)
  object space 62464K, 70% used [0x00000000c3400000,0x00000000c5ee3ec8,0x00000000c7100000)
 Metaspace       used 7703K, capacity 8448K, committed 8576K, reserved 1056768K
  class space    used 592K, capacity 624K, committed 640K, reserved 1048576K
}

